2026-05-22 17:52:30,134 INFO o.a.j.u.JMeterUtils: Setting Locale to en_EN
2026-05-22 17:52:30,144 INFO o.a.j.JMeter: Loading user properties from: /opt/homebrew/Cellar/jmeter/5.6.3/libexec/bin/user.properties
2026-05-22 17:52:30,144 INFO o.a.j.JMeter: Loading system properties from: /opt/homebrew/Cellar/jmeter/5.6.3/libexec/bin/system.properties
2026-05-22 17:52:30,144 INFO o.a.j.JMeter: Setting JMeter property: users=3
2026-05-22 17:52:30,144 INFO o.a.j.JMeter: Setting JMeter property: rampUp=1
2026-05-22 17:52:30,144 INFO o.a.j.JMeter: Setting JMeter property: duration=30
2026-05-22 17:52:30,144 INFO o.a.j.JMeter: Setting JMeter property: baseUrl=http://localhost:5000
2026-05-22 17:52:30,144 INFO o.a.j.JMeter: Setting JMeter property: resultFile=/tmp/petrescue_warmup.jtl
2026-05-22 17:52:30,146 INFO o.a.j.JMeter: Copyright (c) 1998-2024 The Apache Software Foundation
2026-05-22 17:52:30,147 INFO o.a.j.JMeter: Version 5.6.3
2026-05-22 17:52:30,147 INFO o.a.j.JMeter: java.version=21.0.10
2026-05-22 17:52:30,147 INFO o.a.j.JMeter: java.vm.name=OpenJDK 64-Bit Server VM
2026-05-22 17:52:30,147 INFO o.a.j.JMeter: os.name=Mac OS X
2026-05-22 17:52:30,147 INFO o.a.j.JMeter: os.arch=aarch64
2026-05-22 17:52:30,147 INFO o.a.j.JMeter: os.version=15.7.4
2026-05-22 17:52:30,147 INFO o.a.j.JMeter: file.encoding=UTF-8
2026-05-22 17:52:30,147 INFO o.a.j.JMeter: java.awt.headless=true
2026-05-22 17:52:30,147 INFO o.a.j.JMeter: Max memory     =1073741824
2026-05-22 17:52:30,147 INFO o.a.j.JMeter: Available Processors =10
2026-05-22 17:52:30,151 INFO o.a.j.JMeter: Default Locale=English (EN)
2026-05-22 17:52:30,151 INFO o.a.j.JMeter: JMeter  Locale=English (EN)
2026-05-22 17:52:30,151 INFO o.a.j.JMeter: JMeterHome=/opt/homebrew/Cellar/jmeter/5.6.3/libexec
2026-05-22 17:52:30,151 INFO o.a.j.JMeter: user.dir  =/Users/george-mac/PycharmProjects/Master-CarbonFootprint/petrescue-fastapi-slice1/scripts
2026-05-22 17:52:30,152 INFO o.a.j.JMeter: PWD       =/Users/george-mac/PycharmProjects/Master-CarbonFootprint/petrescue-fastapi-slice1/scripts
2026-05-22 17:52:30,162 INFO o.a.j.JMeter: IP: 192.168.1.51 Name: 192.168.1.51 FullName: 192.168.1.51
2026-05-22 17:52:30,169 INFO o.a.j.s.FileServer: Default base='/Users/george-mac/PycharmProjects/Master-CarbonFootprint/petrescue-fastapi-slice1/scripts'
2026-05-22 17:52:30,170 INFO o.a.j.s.FileServer: Set new base='/Users/george-mac/PycharmProjects/Master-CarbonFootprint/petrescue-fastapi-slice1/scripts/../jmeter'
2026-05-22 17:52:30,235 INFO o.a.j.s.SaveService: Testplan (JMX) version: 2.2. Testlog (JTL) version: 2.2
2026-05-22 17:52:30,248 INFO o.a.j.s.SaveService: Using SaveService properties version 5.0
2026-05-22 17:52:30,249 INFO o.a.j.s.SaveService: Using SaveService properties file encoding UTF-8
2026-05-22 17:52:30,250 INFO o.a.j.s.SaveService: Loading file: /Users/george-mac/PycharmProjects/Master-CarbonFootprint/petrescue-fastapi-slice1/scripts/../jmeter/s1.jmx
2026-05-22 17:52:30,271 INFO o.a.j.p.h.s.HTTPSamplerBase: Parser for text/html is org.apache.jmeter.protocol.http.parser.LagartoBasedHtmlParser
2026-05-22 17:52:30,272 INFO o.a.j.p.h.s.HTTPSamplerBase: Parser for application/xhtml+xml is org.apache.jmeter.protocol.http.parser.LagartoBasedHtmlParser
2026-05-22 17:52:30,272 INFO o.a.j.p.h.s.HTTPSamplerBase: Parser for application/xml is org.apache.jmeter.protocol.http.parser.LagartoBasedHtmlParser
2026-05-22 17:52:30,272 INFO o.a.j.p.h.s.HTTPSamplerBase: Parser for text/xml is org.apache.jmeter.protocol.http.parser.LagartoBasedHtmlParser
2026-05-22 17:52:30,272 INFO o.a.j.p.h.s.HTTPSamplerBase: Parser for text/vnd.wap.wml is org.apache.jmeter.protocol.http.parser.RegexpHTMLParser
2026-05-22 17:52:30,272 INFO o.a.j.p.h.s.HTTPSamplerBase: Parser for text/css is org.apache.jmeter.protocol.http.parser.CssParser
2026-05-22 17:52:30,280 INFO o.a.j.JMeter: Creating summariser <summary>
2026-05-22 17:52:30,286 INFO o.a.j.e.StandardJMeterEngine: Running the test!
2026-05-22 17:52:30,286 INFO o.a.j.s.SampleEvent: List of sample_variables: []
2026-05-22 17:52:30,286 INFO o.a.j.s.SampleEvent: List of sample_variables: []
2026-05-22 17:52:30,288 INFO o.a.j.e.u.CompoundVariable: Note: Function class names must contain the string: '.functions.'
2026-05-22 17:52:30,288 INFO o.a.j.e.u.CompoundVariable: Note: Function class names must not contain the string: '.gui.'
2026-05-22 17:52:30,309 INFO o.a.j.r.ClassFinder: Will scan jar /opt/homebrew/Cellar/jmeter/5.6.3/libexec/lib/ext/jmeter-plugins-manager-1.9.jar with filter ExtendsClassFilter [parents=[interface org.apache.jmeter.functions.Function], inner=false, contains=null, notContains=null]. Consider exposing JMeter plugins via META-INF/services, and add JMeter-Skip-Class-Scanning=true manifest attribute so JMeter can skip classfile scanning
2026-05-22 17:52:30,342 INFO o.a.j.JMeter: Running test (1779461550342)
2026-05-22 17:52:30,350 INFO o.a.j.e.StandardJMeterEngine: Starting ThreadGroup: 1 : LoadGenerator
2026-05-22 17:52:30,350 INFO o.a.j.e.StandardJMeterEngine: Starting 3 threads for group LoadGenerator.
2026-05-22 17:52:30,350 INFO o.a.j.e.StandardJMeterEngine: Thread will continue on error
2026-05-22 17:52:30,350 INFO o.a.j.t.ThreadGroup: Starting thread group... number=1 threads=3 ramp-up=1 delayedStart=false
2026-05-22 17:52:30,352 INFO o.a.j.t.ThreadGroup: Started thread group number 1
2026-05-22 17:52:30,352 INFO o.a.j.e.StandardJMeterEngine: All thread groups have been started
2026-05-22 17:52:30,352 INFO o.a.j.t.JMeterThread: Thread started: LoadGenerator 1-1
2026-05-22 17:52:30,361 INFO o.a.j.p.h.s.HTTPHCAbstractImpl: Local host = 192.168.1.51
2026-05-22 17:52:30,363 INFO o.a.j.p.h.s.HTTPHC4Impl: HTTP request retry count = 0
2026-05-22 17:52:30,364 INFO o.a.j.s.SampleResult: Note: Sample TimeStamps are START times
2026-05-22 17:52:30,364 INFO o.a.j.s.SampleResult: sampleresult.default.encoding is set to UTF-8
2026-05-22 17:52:30,364 INFO o.a.j.s.SampleResult: sampleresult.useNanoTime=true
2026-05-22 17:52:30,364 INFO o.a.j.s.SampleResult: sampleresult.nanoThreadSleep=5000
2026-05-22 17:52:30,683 INFO o.a.j.r.Summariser: summary +      1 in 00:00:00 =    2.9/s Avg:   295 Min:   295 Max:   295 Err:     0 (0.00%) Active: 1 Started: 1 Finished: 0
2026-05-22 17:52:30,689 INFO o.a.j.t.JMeterThread: Thread started: LoadGenerator 1-2
2026-05-22 17:52:31,019 INFO o.a.j.t.JMeterThread: Thread started: LoadGenerator 1-3
2026-05-22 17:52:38,798 INFO o.a.j.r.ResultCollector: Shutdown hook started
2026-05-22 17:52:38,799 INFO o.a.j.r.ResultCollector: Shutdown hook ended
